{"D:\\module\\packages\\CoreMethod\\src\\utils\\compatible.ts": {"path":"D:\\module\\packages\\CoreMethod\\src\\utils\\compatible.ts","all":false,"statementMap":{"0":{"start":{"line":1,"column":0},"end":{"line":1,"column":35}},"1":{"start":{"line":2,"column":0},"end":{"line":2,"column":0}},"2":{"start":{"line":3,"column":0},"end":{"line":3,"column":45}},"3":{"start":{"line":4,"column":0},"end":{"line":4,"column":21}},"4":{"start":{"line":5,"column":0},"end":{"line":5,"column":1}},"5":{"start":{"line":6,"column":0},"end":{"line":6,"column":54}},"6":{"start":{"line":7,"column":0},"end":{"line":7,"column":44}},"7":{"start":{"line":8,"column":0},"end":{"line":8,"column":51}},"8":{"start":{"line":9,"column":0},"end":{"line":9,"column":63}},"9":{"start":{"line":10,"column":0},"end":{"line":10,"column":3}},"10":{"start":{"line":11,"column":0},"end":{"line":11,"column":36}},"11":{"start":{"line":12,"column":0},"end":{"line":12,"column":67}},"12":{"start":{"line":13,"column":0},"end":{"line":13,"column":36}},"13":{"start":{"line":14,"column":0},"end":{"line":14,"column":36}},"14":{"start":{"line":15,"column":0},"end":{"line":15,"column":58}},"15":{"start":{"line":16,"column":0},"end":{"line":16,"column":45}},"16":{"start":{"line":17,"column":0},"end":{"line":17,"column":11}},"17":{"start":{"line":18,"column":0},"end":{"line":18,"column":14}},"18":{"start":{"line":19,"column":0},"end":{"line":19,"column":71}},"19":{"start":{"line":20,"column":0},"end":{"line":20,"column":7}},"20":{"start":{"line":21,"column":0},"end":{"line":21,"column":60}},"21":{"start":{"line":22,"column":0},"end":{"line":22,"column":76}},"22":{"start":{"line":23,"column":0},"end":{"line":23,"column":10}},"23":{"start":{"line":24,"column":0},"end":{"line":24,"column":5}},"24":{"start":{"line":25,"column":0},"end":{"line":25,"column":3}},"25":{"start":{"line":26,"column":0},"end":{"line":26,"column":18}},"26":{"start":{"line":27,"column":0},"end":{"line":27,"column":1}}},"s":{"0":1,"1":1,"2":1,"3":1,"4":1,"5":1,"6":1,"7":8,"8":8,"9":8,"10":8,"11":8,"12":8,"13":5,"14":5,"15":5,"16":5,"17":6,"18":3,"19":3,"20":8,"21":8,"22":8,"23":8,"24":8,"25":8,"26":8},"branchMap":{"0":{"type":"branch","line":7,"loc":{"start":{"line":7,"column":7},"end":{"line":27,"column":1}},"locations":[{"start":{"line":7,"column":7},"end":{"line":27,"column":1}}]},"1":{"type":"branch","line":13,"loc":{"start":{"line":13,"column":35},"end":{"line":20,"column":7}},"locations":[{"start":{"line":13,"column":35},"end":{"line":20,"column":7}}]},"2":{"type":"branch","line":13,"loc":{"start":{"line":13,"column":35},"end":{"line":18,"column":13}},"locations":[{"start":{"line":13,"column":35},"end":{"line":18,"column":13}}]},"3":{"type":"branch","line":18,"loc":{"start":{"line":18,"column":6},"end":{"line":20,"column":7}},"locations":[{"start":{"line":18,"column":6},"end":{"line":20,"column":7}}]},"4":{"type":"branch","line":14,"loc":{"start":{"line":14,"column":26},"end":{"line":17,"column":11}},"locations":[{"start":{"line":14,"column":26},"end":{"line":17,"column":11}}]},"5":{"type":"branch","line":27,"loc":{"start":{"line":27,"column":0},"end":{"line":27,"column":1}},"locations":[{"start":{"line":27,"column":0},"end":{"line":27,"column":1}}]}},"b":{"0":[8],"1":[6],"2":[5],"3":[3],"4":[5],"5":[8]},"fnMap":{"0":{"name":"CompatibleWithDefaultConfig","decl":{"start":{"line":7,"column":7},"end":{"line":27,"column":1}},"loc":{"start":{"line":7,"column":7},"end":{"line":27,"column":1}},"line":7},"1":{"name":"get","decl":{"start":{"line":27,"column":0},"end":{"line":27,"column":1}},"loc":{"start":{"line":27,"column":0},"end":{"line":27,"column":1}},"line":27}},"f":{"0":8,"1":8}}
}
